c:\users\dell-optiplex7040-sh\homework\cocos2d-x-3.16\tests\cpp-dragonbone-demo5\proj.win32\debug.win32\vc120.pdb
c:\users\dell-optiplex7040-sh\homework\cocos2d-x-3.16\tests\cpp-dragonbone-demo5\proj.win32\debug.win32\vc120.idb
c:\users\dell-optiplex7040-sh\homework\cocos2d-x-3.16\tests\cpp-dragonbone-demo5\proj.win32\debug.win32\dragonbones.obj
c:\users\dell-optiplex7040-sh\homework\cocos2d-x-3.16\tests\cpp-dragonbone-demo5\proj.win32\debug.win32\eventobject.obj
c:\users\dell-optiplex7040-sh\homework\cocos2d-x-3.16\tests\cpp-dragonbone-demo5\proj.win32\debug.win32\basefactory.obj
c:\users\dell-optiplex7040-sh\homework\cocos2d-x-3.16\tests\cpp-dragonbone-demo5\proj.win32\debug.win32\point.obj
c:\users\dell-optiplex7040-sh\homework\cocos2d-x-3.16\tests\cpp-dragonbone-demo5\proj.win32\debug.win32\transform.obj
c:\users\dell-optiplex7040-sh\homework\cocos2d-x-3.16\tests\cpp-dragonbone-demo5\proj.win32\debug.win32\animationconfig.obj
c:\users\dell-optiplex7040-sh\homework\cocos2d-x-3.16\tests\cpp-dragonbone-demo5\proj.win32\debug.win32\animationdata.obj
c:\users\dell-optiplex7040-sh\homework\cocos2d-x-3.16\tests\cpp-dragonbone-demo5\proj.win32\debug.win32\armaturedata.obj
c:\users\dell-optiplex7040-sh\homework\cocos2d-x-3.16\tests\cpp-dragonbone-demo5\proj.win32\debug.win32\boundingboxdata.obj
c:\users\dell-optiplex7040-sh\homework\cocos2d-x-3.16\tests\cpp-dragonbone-demo5\proj.win32\debug.win32\canvasdata.obj
c:\users\dell-optiplex7040-sh\homework\cocos2d-x-3.16\tests\cpp-dragonbone-demo5\proj.win32\debug.win32\constraintdata.obj
c:\users\dell-optiplex7040-sh\homework\cocos2d-x-3.16\tests\cpp-dragonbone-demo5\proj.win32\debug.win32\displaydata.obj
c:\users\dell-optiplex7040-sh\homework\cocos2d-x-3.16\tests\cpp-dragonbone-demo5\proj.win32\debug.win32\dragonbonesdata.obj
c:\users\dell-optiplex7040-sh\homework\cocos2d-x-3.16\tests\cpp-dragonbone-demo5\proj.win32\debug.win32\skindata.obj
c:\users\dell-optiplex7040-sh\homework\cocos2d-x-3.16\tests\cpp-dragonbone-demo5\proj.win32\debug.win32\textureatlasdata.obj
c:\users\dell-optiplex7040-sh\homework\cocos2d-x-3.16\tests\cpp-dragonbone-demo5\proj.win32\debug.win32\userdata.obj
c:\users\dell-optiplex7040-sh\homework\cocos2d-x-3.16\tests\cpp-dragonbone-demo5\proj.win32\debug.win32\binarydataparser.obj
c:\users\dell-optiplex7040-sh\homework\cocos2d-x-3.16\tests\cpp-dragonbone-demo5\proj.win32\debug.win32\dataparser.obj
c:\users\dell-optiplex7040-sh\homework\cocos2d-x-3.16\tests\cpp-dragonbone-demo5\proj.win32\debug.win32\jsondataparser.obj
c:\users\dell-optiplex7040-sh\homework\cocos2d-x-3.16\tests\cpp-dragonbone-demo5\proj.win32\debug.win32\main.obj
c:\users\dell-optiplex7040-sh\homework\cocos2d-x-3.16\tests\cpp-dragonbone-demo5\proj.win32\debug.win32\appdelegate.obj
c:\users\dell-optiplex7040-sh\homework\cocos2d-x-3.16\tests\cpp-dragonbone-demo5\proj.win32\debug.win32\coreelement.obj
c:\users\dell-optiplex7040-sh\homework\cocos2d-x-3.16\tests\cpp-dragonbone-demo5\proj.win32\debug.win32\draghelper.obj
c:\users\dell-optiplex7040-sh\homework\cocos2d-x-3.16\tests\cpp-dragonbone-demo5\proj.win32\debug.win32\ccarmaturedisplay.obj
c:\users\dell-optiplex7040-sh\homework\cocos2d-x-3.16\tests\cpp-dragonbone-demo5\proj.win32\debug.win32\ccfactory.obj
c:\users\dell-optiplex7040-sh\homework\cocos2d-x-3.16\tests\cpp-dragonbone-demo5\proj.win32\debug.win32\ccslot.obj
c:\users\dell-optiplex7040-sh\homework\cocos2d-x-3.16\tests\cpp-dragonbone-demo5\proj.win32\debug.win32\cctextureatlasdata.obj
c:\users\dell-optiplex7040-sh\homework\cocos2d-x-3.16\tests\cpp-dragonbone-demo5\proj.win32\debug.win32\animation.obj
c:\users\dell-optiplex7040-sh\homework\cocos2d-x-3.16\tests\cpp-dragonbone-demo5\proj.win32\debug.win32\animationstate.obj
c:\users\dell-optiplex7040-sh\homework\cocos2d-x-3.16\tests\cpp-dragonbone-demo5\proj.win32\debug.win32\basetimelinestate.obj
c:\users\dell-optiplex7040-sh\homework\cocos2d-x-3.16\tests\cpp-dragonbone-demo5\proj.win32\debug.win32\timelinestate.obj
c:\users\dell-optiplex7040-sh\homework\cocos2d-x-3.16\tests\cpp-dragonbone-demo5\proj.win32\debug.win32\worldclock.obj
c:\users\dell-optiplex7040-sh\homework\cocos2d-x-3.16\tests\cpp-dragonbone-demo5\proj.win32\debug.win32\armature.obj
c:\users\dell-optiplex7040-sh\homework\cocos2d-x-3.16\tests\cpp-dragonbone-demo5\proj.win32\debug.win32\bone.obj
c:\users\dell-optiplex7040-sh\homework\cocos2d-x-3.16\tests\cpp-dragonbone-demo5\proj.win32\debug.win32\constraint.obj
c:\users\dell-optiplex7040-sh\homework\cocos2d-x-3.16\tests\cpp-dragonbone-demo5\proj.win32\debug.win32\slot.obj
c:\users\dell-optiplex7040-sh\homework\cocos2d-x-3.16\tests\cpp-dragonbone-demo5\proj.win32\debug.win32\transformobject.obj
c:\users\dell-optiplex7040-sh\homework\cocos2d-x-3.16\tests\cpp-dragonbone-demo5\proj.win32\debug.win32\baseobject.obj
c:\users\dell-optiplex7040-sh\homework\cocos2d-x-3.16\build\debug.win32\cpp-dragonbone-demo5\cpp-dragonbone-demo5.lib
c:\users\dell-optiplex7040-sh\homework\cocos2d-x-3.16\build\debug.win32\cpp-dragonbone-demo5\cpp-dragonbone-demo5.exp
c:\users\dell-optiplex7040-sh\homework\cocos2d-x-3.16\build\debug.win32\cpp-dragonbone-demo5\cpp-dragonbone-demo5.ilk
c:\users\dell-optiplex7040-sh\homework\cocos2d-x-3.16\build\debug.win32\cpp-dragonbone-demo5\cpp-dragonbone-demo5.exe
c:\users\dell-optiplex7040-sh\homework\cocos2d-x-3.16\build\debug.win32\cpp-dragonbone-demo5\cpp-dragonbone-demo5.pdb
c:\users\dell-optiplex7040-sh\homework\cocos2d-x-3.16\tests\cpp-dragonbone-demo5\proj.win32\debug.win32\cpp-drag.27c24200.tlog\cl.command.1.tlog
c:\users\dell-optiplex7040-sh\homework\cocos2d-x-3.16\tests\cpp-dragonbone-demo5\proj.win32\debug.win32\cpp-drag.27c24200.tlog\cl.read.1.tlog
c:\users\dell-optiplex7040-sh\homework\cocos2d-x-3.16\tests\cpp-dragonbone-demo5\proj.win32\debug.win32\cpp-drag.27c24200.tlog\cl.write.1.tlog
c:\users\dell-optiplex7040-sh\homework\cocos2d-x-3.16\tests\cpp-dragonbone-demo5\proj.win32\debug.win32\cpp-drag.27c24200.tlog\cpp-dragonbone-demo5.write.1u.tlog
c:\users\dell-optiplex7040-sh\homework\cocos2d-x-3.16\tests\cpp-dragonbone-demo5\proj.win32\debug.win32\cpp-drag.27c24200.tlog\link.command.1.tlog
c:\users\dell-optiplex7040-sh\homework\cocos2d-x-3.16\tests\cpp-dragonbone-demo5\proj.win32\debug.win32\cpp-drag.27c24200.tlog\link.read.1.tlog
c:\users\dell-optiplex7040-sh\homework\cocos2d-x-3.16\tests\cpp-dragonbone-demo5\proj.win32\debug.win32\cpp-drag.27c24200.tlog\link.write.1.tlog
